2023-12-09 06:51:34,253 INFO [Process Cluster Protocol Request-10] o.a.n.c.p.impl.SocketProtocolListener Finished processing request 62eec512-7591-4ca5-aa76-19f80bd024c8 (type=HEARTBEAT, length=2247 bytes) from mynifi:8080 in 29 millis
2023-12-09 06:51:34,395 INFO [Heartbeat Monitor Thread-1] o.a.n.c.c.h.AbstractHeartbeatMonitor Finished processing 1 heartbeats in 17233 nanos
2023-12-09 06:51:34,257 INFO [Clustering Tasks Thread-3] o.a.n.c.c.ClusterProtocolHeartbeater Heartbeat created at 2023-12-09 04:51:55,941 and sent to mynifi:8082 at 2023-12-09 06:51:34,257; send took 682 millis
2023-12-09 06:51:39,539 INFO [Heartbeat Monitor Thread-1] o.a.n.c.c.h.AbstractHeartbeatMonitor Finished processing 1 heartbeats in 19346 nanos
2023-12-09 06:51:39,550 INFO [Process Cluster Protocol Request-1] o.a.n.c.p.impl.SocketProtocolListener Finished processing request 3f0549e0-6455-4cf8-88d4-1cd4fed19cfe (type=HEARTBEAT, length=2247 bytes) from mynifi:8080 in 5 millis
2023-12-09 06:51:39,559 INFO [Clustering Tasks Thread-3] o.a.n.c.c.ClusterProtocolHeartbeater Heartbeat created at 2023-12-09 06:51:39,540 and sent to mynifi:8082 at 2023-12-09 06:51:39,559; send took 18 millis
2023-12-09 06:51:44,541 INFO [Heartbeat Monitor Thread-1] o.a.n.c.c.h.AbstractHeartbeatMonitor Finished processing 1 heartbeats in 14407 nanos
2023-12-09 06:51:44,566 INFO [Process Cluster Protocol Request-2] o.a.n.c.p.impl.SocketProtocolListener Finished processing request 0b1f14dd-5cf0-4149-a7de-f92b31d432c1 (type=HEARTBEAT, length=2247 bytes) from mynifi:8080 in 3 millis
2023-12-09 06:51:44,570 INFO [Clustering Tasks Thread-3] o.a.n.c.c.ClusterProtocolHeartbeater Heartbeat created at 2023-12-09 06:51:44,560 and sent to mynifi:8082 at 2023-12-09 06:51:44,570; send took 10 millis
2023-12-09 06:51:49,542 INFO [Heartbeat Monitor Thread-1] o.a.n.c.c.h.AbstractHeartbeatMonitor Finished processing 1 heartbeats in 13826 nanos
2023-12-09 06:51:49,577 INFO [Process Cluster Protocol Request-3] o.a.n.c.p.impl.SocketProtocolListener Finished processing request fe8e3bb1-a126-4468-aa37-d3f8b604a8a6 (type=HEARTBEAT, length=2247 bytes) from mynifi:8080 in 2 millis
2023-12-09 06:51:49,581 INFO [Clustering Tasks Thread-3] o.a.n.c.c.ClusterProtocolHeartbeater Heartbeat created at 2023-12-09 06:51:49,572 and sent to mynifi:8082 at 2023-12-09 06:51:49,581; send took 8 millis
2023-12-09 06:51:54,067 INFO [pool-13-thread-1] o.a.n.c.r.WriteAheadFlowFileRepository Initiating checkpoint of FlowFile Repository
2023-12-09 06:51:54,068 INFO [pool-13-thread-1] o.a.n.c.r.WriteAheadFlowFileRepository Successfully checkpointed FlowFile Repository with 265 records in 0 milliseconds
2023-12-09 06:51:54,543 INFO [Heartbeat Monitor Thread-1] o.a.n.c.c.h.AbstractHeartbeatMonitor Finished processing 1 heartbeats in 18725 nanos
2023-12-09 06:51:54,588 INFO [Process Cluster Protocol Request-4] o.a.n.c.p.impl.SocketProtocolListener Finished processing request 20aa4300-0f46-4aac-9ba7-65d9b8ac1c08 (type=HEARTBEAT, length=2247 bytes) from mynifi:8080 in 2 millis
2023-12-09 06:51:54,593 INFO [Clustering Tasks Thread-3] o.a.n.c.c.ClusterProtocolHeartbeater Heartbeat created at 2023-12-09 06:51:54,581 and sent to mynifi:8082 at 2023-12-09 06:51:54,593; send took 11 millis
2023-12-09 06:51:54,733 INFO [Cleanup Archive for default] o.a.n.c.repository.FileSystemRepository Successfully deleted 0 files (0 bytes) from archive
2023-12-09 06:51:59,544 INFO [Heartbeat Monitor Thread-1] o.a.n.c.c.h.AbstractHeartbeatMonitor Finished processing 1 heartbeats in 16992 nanos
2023-12-09 06:51:59,601 INFO [Process Cluster Protocol Request-5] o.a.n.c.p.impl.SocketProtocolListener Finished processing request 1897ec20-9495-4cbb-a0fa-b337bc2e81f3 (type=HEARTBEAT, length=2247 bytes) from mynifi:8080 in 3 millis
2023-12-09 06:51:59,606 INFO [Clustering Tasks Thread-3] o.a.n.c.c.ClusterProtocolHeartbeater Heartbeat created at 2023-12-09 06:51:59,595 and sent to mynifi:8082 at 2023-12-09 06:51:59,606; send took 10 millis
2023-12-09 06:52:04,546 INFO [Heartbeat Monitor Thread-1] o.a.n.c.c.h.AbstractHeartbeatMonitor Finished processing 1 heartbeats in 24336 nanos
2023-12-09 06:52:04,614 INFO [Process Cluster Protocol Request-6] o.a.n.c.p.impl.SocketProtocolListener Finished processing request 84640000-f628-46b1-aa21-f5545b792d16 (type=HEARTBEAT, length=2247 bytes) from mynifi:8080 in 3 millis
2023-12-09 06:52:04,617 INFO [Clustering Tasks Thread-3] o.a.n.c.c.ClusterProtocolHeartbeater Heartbeat created at 2023-12-09 06:52:04,608 and sent to mynifi:8082 at 2023-12-09 06:52:04,617; send took 9 millis
2023-12-09 06:52:06,404 INFO [Heartbeat Monitor Thread-1] o.a.n.c.c.h.AbstractHeartbeatMonitor Finished processing 1 heartbeats in 18344 nanos
2023-12-09 06:52:06,483 INFO [Process Cluster Protocol Request-7] o.a.n.c.p.impl.SocketProtocolListener Finished processing request c8cbbd20-cdfc-408a-9f04-4ce2a30d42ee (type=HEARTBEAT, length=2247 bytes) from mynifi:8080 in 3 millis
2023-12-09 06:52:06,488 INFO [Clustering Tasks Thread-3] o.a.n.c.c.ClusterProtocolHeartbeater Heartbeat created at 2023-12-09 06:52:06,475 and sent to mynifi:8082 at 2023-12-09 06:52:06,488; send took 13 millis
2023-12-09 06:52:10,926 INFO [pool-13-thread-1] o.a.n.c.r.WriteAheadFlowFileRepository Initiating checkpoint of FlowFile Repository
2023-12-09 06:52:10,928 INFO [pool-13-thread-1] o.a.n.c.r.WriteAheadFlowFileRepository Successfully checkpointed FlowFile Repository with 265 records in 0 milliseconds
2023-12-09 06:52:11,406 INFO [Heartbeat Monitor Thread-1] o.a.n.c.c.h.AbstractHeartbeatMonitor Finished processing 1 heartbeats in 17143 nanos
2023-12-09 06:52:11,495 INFO [Process Cluster Protocol Request-8] o.a.n.c.p.impl.SocketProtocolListener Finished processing request e242e13c-9ea8-4ee0-bbf8-31b27ba9c847 (type=HEARTBEAT, length=2247 bytes) from mynifi:8080 in 3 millis
2023-12-09 06:52:11,499 INFO [Clustering Tasks Thread-3] o.a.n.c.c.ClusterProtocolHeartbeater Heartbeat created at 2023-12-09 06:52:11,490 and sent to mynifi:8082 at 2023-12-09 06:52:11,499; send took 9 millis
2023-12-09 06:52:16,407 INFO [Heartbeat Monitor Thread-1] o.a.n.c.c.h.AbstractHeartbeatMonitor Finished processing 1 heartbeats in 14908 nanos
2023-12-09 06:52:16,509 INFO [Process Cluster Protocol Request-9] o.a.n.c.p.impl.SocketProtocolListener Finished processing request e7ac52d8-497f-4fd9-b80d-794e2824bcd4 (type=HEARTBEAT, length=2247 bytes) from mynifi:8080 in 5 millis
2023-12-09 06:52:16,516 INFO [Clustering Tasks Thread-3] o.a.n.c.c.ClusterProtocolHeartbeater Heartbeat created at 2023-12-09 06:52:16,500 and sent to mynifi:8082 at 2023-12-09 06:52:16,516; send took 15 millis
2023-12-09 06:52:21,408 INFO [Heartbeat Monitor Thread-1] o.a.n.c.c.h.AbstractHeartbeatMonitor Finished processing 1 heartbeats in 15790 nanos
2023-12-09 06:52:21,530 INFO [Process Cluster Protocol Request-10] o.a.n.c.p.impl.SocketProtocolListener Finished processing request a67bcb6b-db53-4497-b539-81ed97bdca3b (type=HEARTBEAT, length=2247 bytes) from mynifi:8080 in 9 millis
2023-12-09 06:52:21,538 INFO [Clustering Tasks Thread-3] o.a.n.c.c.ClusterProtocolHeartbeater Heartbeat created at 2023-12-09 06:52:21,518 and sent to mynifi:8082 at 2023-12-09 06:52:21,538; send took 20 millis
2023-12-09 06:52:25,975 INFO [main-EventThread] o.a.c.f.state.ConnectionStateManager State change: SUSPENDED
2023-12-09 06:52:25,991 INFO [Curator-ConnectionStateManager-0] o.a.n.c.l.e.CuratorLeaderElectionManager org.apache.nifi.controller.leader.election.CuratorLeaderElectionManager$ElectionListener@38d0363b Connection State changed to SUSPENDED
2023-12-09 06:52:25,993 INFO [Curator-ConnectionStateManager-0] o.a.n.c.l.e.CuratorLeaderElectionManager Because Connection State was changed to SUSPENDED, will relinquish leadership for role 'Primary Node'
2023-12-09 06:52:26,002 INFO [Curator-ConnectionStateManager-0] o.a.n.c.l.e.CuratorLeaderElectionManager org.apache.nifi.controller.leader.election.CuratorLeaderElectionManager$ElectionListener@204465e1 Connection State changed to SUSPENDED
2023-12-09 06:52:26,004 INFO [Curator-ConnectionStateManager-0] o.a.n.c.l.e.CuratorLeaderElectionManager Because Connection State was changed to SUSPENDED, will relinquish leadership for role 'Cluster Coordinator'
2023-12-09 06:52:26,015 INFO [Leader Election Notification Thread-1] o.a.n.c.l.e.CuratorLeaderElectionManager org.apache.nifi.controller.leader.election.CuratorLeaderElectionManager$ElectionListener@204465e1 has been interrupted; no longer leader for role 'Cluster Coordinator'
2023-12-09 06:52:26,015 INFO [Leader Election Notification Thread-2] o.a.n.c.l.e.CuratorLeaderElectionManager org.apache.nifi.controller.leader.election.CuratorLeaderElectionManager$ElectionListener@38d0363b has been interrupted; no longer leader for role 'Primary Node'
2023-12-09 06:52:26,016 INFO [Leader Election Notification Thread-1] o.a.n.c.l.e.CuratorLeaderElectionManager org.apache.nifi.controller.leader.election.CuratorLeaderElectionManager$ElectionListener@204465e1 This node is no longer leader for role 'Cluster Coordinator'
2023-12-09 06:52:26,017 INFO [Leader Election Notification Thread-2] o.a.n.c.l.e.CuratorLeaderElectionManager org.apache.nifi.controller.leader.election.CuratorLeaderElectionManager$ElectionListener@38d0363b This node is no longer leader for role 'Primary Node'
2023-12-09 06:52:26,018 INFO [Leader Election Notification Thread-1] o.apache.nifi.controller.FlowController This node is no longer the elected Active Cluster Coordinator
2023-12-09 06:52:26,059 INFO [Leader Election Notification Thread-2] o.apache.nifi.controller.FlowController This node is no longer Primary Node
2023-12-09 06:52:28,981 INFO [pool-2-thread-2] org.apache.nifi.BootstrapListener Received SHUTDOWN request from Bootstrap
2023-12-09 06:52:28,986 INFO [pool-2-thread-2] org.apache.nifi.NiFi Initiating shutdown of Jetty web server...
2023-12-09 06:52:29,827 INFO [pool-2-thread-2] o.eclipse.jetty.server.AbstractConnector Stopped ServerConnector@7b18658a{HTTP/1.1, (http/1.1)}{mynifi:8080}
2023-12-09 06:52:29,835 INFO [pool-2-thread-2] org.eclipse.jetty.server.session node0 Stopped scavenging
